<?xml version="1.0" encoding="UTF-8"?>
<!-- Generated by org.testng.reporters.JUnitReportReporter -->
<testsuite hostname="DESKTOP-5FLV62J" failures="0" tests="1" name="tests.AffiliatePFTest" time="9.379" errors="0" timestamp="2021-03-12T22:21:11 CST" skipped="0">
  <testcase classname="tests.AffiliatePFTest" name="testAffiliatePF" time="9.379"/>
  <system-out/>
</testsuite> <!-- tests.AffiliatePFTest -->
