<?xml version="1.0" encoding="UTF-8"?>
<!-- Generated by org.testng.reporters.JUnitReportReporter -->
<testsuite hostname="DESKTOP-5FLV62J" failures="0" tests="1" name="Tests.LoginTest" time="4.714" errors="0" timestamp="2021-03-10T20:39:08 CST" skipped="0">
  <testcase classname="Tests.LoginTest" name="testLogin" time="4.714"/>
  <system-out/>
</testsuite> <!-- Tests.LoginTest -->
