<?xml version="1.0" encoding="UTF-8"?>
<!-- Generated by org.testng.reporters.JUnitReportReporter -->
<testsuite hostname="DESKTOP-5FLV62J" failures="0" tests="1" name="tests.AffiliatePFTest" time="17.792" errors="0" timestamp="2021-02-27T18:45:29 CST" skipped="0">
  <testcase classname="tests.AffiliatePFTest" name="testAffiliatePF" time="17.792"/>
  <system-out/>
</testsuite> <!-- tests.AffiliatePFTest -->
