<?xml version="1.0" encoding="UTF-8"?>
<!-- Generated by org.testng.reporters.JUnitReportReporter -->
<testsuite hostname="DESKTOP-5FLV62J" failures="0" tests="1" name="tests.LoginTest" time="4.137" errors="0" timestamp="2021-04-08T11:52:18 CST" skipped="0">
  <testcase classname="tests.LoginTest" name="testLogin" time="4.137"/>
  <system-out/>
</testsuite> <!-- tests.LoginTest -->
