<?xml version="1.0" encoding="UTF-8"?>
<!-- Generated by org.testng.reporters.JUnitReportReporter -->
<testsuite hostname="DESKTOP-5FLV62J" failures="0" tests="1" name="Tests.AffiliatePFTest" time="21.355" errors="0" timestamp="2021-03-09T09:22:47 CST" skipped="0">
  <testcase classname="Tests.AffiliatePFTest" name="testAffiliatePF" time="21.355"/>
  <system-out/>
</testsuite> <!-- Tests.AffiliatePFTest -->
