<?xml version="1.0" encoding="UTF-8"?>
<!-- Generated by org.testng.reporters.JUnitReportReporter -->
<testsuite hostname="DESKTOP-5FLV62J" failures="0" tests="1" name="tests.LoginTest" time="5.213" errors="0" timestamp="2021-03-12T22:12:46 CST" skipped="0">
  <testcase classname="tests.LoginTest" name="testLogin" time="5.213"/>
  <system-out/>
</testsuite> <!-- tests.LoginTest -->
