<?xml version="1.0" encoding="UTF-8"?>
<!-- Generated by org.testng.reporters.JUnitReportReporter -->
<testsuite hostname="DESKTOP-5FLV62J" failures="0" tests="1" name="tests.LoginTest" time="10.718" errors="0" timestamp="2021-02-25T19:53:44 CST" skipped="0">
  <testcase classname="tests.LoginTest" name="testLogin" time="10.718"/>
  <system-out/>
</testsuite> <!-- tests.LoginTest -->
