<?xml version="1.0" encoding="UTF-8"?>
<!-- Generated by org.testng.reporters.JUnitReportReporter -->
<testsuite hostname="DESKTOP-5FLV62J" failures="0" tests="1" name="Tests.LoginTest" time="11.812" errors="0" timestamp="2021-03-06T15:19:02 CST" skipped="0">
  <testcase classname="Tests.LoginTest" name="testLogin" time="11.812"/>
  <system-out/>
</testsuite> <!-- Tests.LoginTest -->
