<?xml version="1.0" encoding="UTF-8"?>
<!-- Generated by org.testng.reporters.JUnitReportReporter -->
<testsuite hostname="DESKTOP-5FLV62J" failures="0" tests="1" name="Tests.AffiliatePFTest" time="11.240" errors="0" timestamp="2021-03-10T20:39:08 CST" skipped="0">
  <testcase classname="Tests.AffiliatePFTest" name="testAffiliatePF" time="11.240"/>
  <system-out/>
</testsuite> <!-- Tests.AffiliatePFTest -->
