<?xml version="1.0" encoding="UTF-8"?>
<!-- Generated by org.testng.reporters.JUnitReportReporter -->
<testsuite hostname="DESKTOP-5FLV62J" failures="0" tests="1" name="tests.AffiliatePFTest" time="6.380" errors="0" timestamp="2021-04-12T20:01:02 CST" skipped="0">
  <testcase classname="tests.AffiliatePFTest" name="testAffiliatePF" time="6.380"/>
  <system-out/>
</testsuite> <!-- tests.AffiliatePFTest -->
