<?xml version="1.0" encoding="UTF-8"?>
<!-- Generated by org.testng.reporters.JUnitReportReporter -->
<testsuite hostname="DESKTOP-5FLV62J" failures="0" tests="1" name="tests.AffiliatePFTest" time="7.843" errors="0" timestamp="2021-02-25T19:52:00 CST" skipped="0">
  <testcase classname="tests.AffiliatePFTest" name="testAffiliatePF" time="7.843"/>
  <system-out/>
</testsuite> <!-- tests.AffiliatePFTest -->
