<?xml version="1.0" encoding="UTF-8"?>
<!-- Generated by org.testng.reporters.JUnitReportReporter -->
<testsuite hostname="DESKTOP-5FLV62J" failures="0" tests="1" name="tests.AffiliatePFTest" time="9.061" errors="0" timestamp="2021-04-08T12:20:53 CST" skipped="0">
  <testcase classname="tests.AffiliatePFTest" name="testAffiliatePF" time="9.061"/>
  <system-out/>
</testsuite> <!-- tests.AffiliatePFTest -->
